ERROR - 2023-01-08 09:06:45 --> Error connecting to the database: mysqli_sql_exception: No connection could be made because the target machine actively refused it in C:\xampp\htdocs\my_web\system\Database\MySQLi\Connection.php:171
Stack trace:
#0 C:\xampp\htdocs\my_web\system\Database\MySQLi\Connection.php(171): mysqli->real_connect('localhost', 'root', '', 'dbci4', 3306, '', 0)
#1 C:\xampp\htdocs\my_web\system\Database\BaseConnection.php(382): CodeIgniter\Database\MySQLi\Connection->connect(false)
#2 C:\xampp\htdocs\my_web\system\Database\BaseConnection.php(588): CodeIgniter\Database\BaseConnection->initialize()
#3 C:\xampp\htdocs\my_web\system\Database\BaseBuilder.php(1585): CodeIgniter\Database\BaseConnection->query('SELECT *\nFROM `...', Array, false)
#4 C:\xampp\htdocs\my_web\system\Model.php(222): CodeIgniter\Database\BaseBuilder->get()
#5 C:\xampp\htdocs\my_web\system\BaseModel.php(584): CodeIgniter\Model->doFindAll(0, 0)
#6 C:\xampp\htdocs\my_web\app\Controllers\User.php(14): CodeIgniter\BaseModel->findAll()
#7 C:\xampp\htdocs\my_web\system\CodeIgniter.php(898): App\Controllers\User->index()
#8 C:\xampp\htdocs\my_web\system\CodeIgniter.php(457): CodeIgniter\CodeIgniter->runController(Object(App\Controllers\User))
#9 C:\xampp\htdocs\my_web\system\CodeIgniter.php(340): CodeIgniter\CodeIgniter->handleRequest(NULL, Object(Config\Cache), false)
#10 C:\xampp\htdocs\my_web\public\index.php(67): CodeIgniter\CodeIgniter->run()
#11 C:\xampp\htdocs\my_web\system\Commands\Server\rewrite.php(43): require_once('C:\\xampp\\htdocs...')
#12 {main}

Next CodeIgniter\Database\Exceptions\DatabaseException: No connection could be made because the target machine actively refused it in C:\xampp\htdocs\my_web\system\Database\MySQLi\Connection.php:215
Stack trace:
#0 C:\xampp\htdocs\my_web\system\Database\BaseConnection.php(382): CodeIgniter\Database\MySQLi\Connection->connect(false)
#1 C:\xampp\htdocs\my_web\system\Database\BaseConnection.php(588): CodeIgniter\Database\BaseConnection->initialize()
#2 C:\xampp\htdocs\my_web\system\Database\BaseBuilder.php(1585): CodeIgniter\Database\BaseConnection->query('SELECT *\nFROM `...', Array, false)
#3 C:\xampp\htdocs\my_web\system\Model.php(222): CodeIgniter\Database\BaseBuilder->get()
#4 C:\xampp\htdocs\my_web\system\BaseModel.php(584): CodeIgniter\Model->doFindAll(0, 0)
#5 C:\xampp\htdocs\my_web\app\Controllers\User.php(14): CodeIgniter\BaseModel->findAll()
#6 C:\xampp\htdocs\my_web\system\CodeIgniter.php(898): App\Controllers\User->index()
#7 C:\xampp\htdocs\my_web\system\CodeIgniter.php(457): CodeIgniter\CodeIgniter->runController(Object(App\Controllers\User))
#8 C:\xampp\htdocs\my_web\system\CodeIgniter.php(340): CodeIgniter\CodeIgniter->handleRequest(NULL, Object(Config\Cache), false)
#9 C:\xampp\htdocs\my_web\public\index.php(67): CodeIgniter\CodeIgniter->run()
#10 C:\xampp\htdocs\my_web\system\Commands\Server\rewrite.php(43): require_once('C:\\xampp\\htdocs...')
#11 {main}
CRITICAL - 2023-01-08 09:06:45 --> Unable to connect to the database.
Main connection [MySQLi]: No connection could be made because the target machine actively refused it
in SYSTEMPATH\Database\BaseConnection.php on line 418.
 1 SYSTEMPATH\Database\BaseConnection.php(588): CodeIgniter\Database\BaseConnection->initialize()
 2 SYSTEMPATH\Database\BaseBuilder.php(1585): CodeIgniter\Database\BaseConnection->query('SELECT *
FROM `user`', [], false)
 3 SYSTEMPATH\Model.php(222): CodeIgniter\Database\BaseBuilder->get()
 4 SYSTEMPATH\BaseModel.php(584): CodeIgniter\Model->doFindAll(0, 0)
 5 APPPATH\Controllers\User.php(14): CodeIgniter\BaseModel->findAll()
 6 SYSTEMPATH\CodeIgniter.php(898): App\Controllers\User->index()
 7 SYSTEMPATH\CodeIgniter.php(457): CodeIgniter\CodeIgniter->runController(Object(App\Controllers\User))
 8 SYSTEMPATH\CodeIgniter.php(340): CodeIgniter\CodeIgniter->handleRequest(null, Object(Config\Cache), false)
 9 FCPATH\index.php(67): CodeIgniter\CodeIgniter->run()
10 SYSTEMPATH\Commands\Server\rewrite.php(43): require_once('FCPATH\\index.php')
CRITICAL - 2023-01-08 09:54:56 --> Call to undefined function form_open()
in APPPATH\Views\user\viewformtambah.php on line 18.
 1 SYSTEMPATH\View\View.php(213): include()
 2 SYSTEMPATH\View\View.php(216): CodeIgniter\View\View->CodeIgniter\View\{closure}()
 3 SYSTEMPATH\Common.php(1137): CodeIgniter\View\View->render('user/viewformtambah', [], true)
 4 APPPATH\Controllers\User.php(32): view('user/viewformtambah', [...])
 5 SYSTEMPATH\CodeIgniter.php(898): App\Controllers\User->formtambah()
 6 SYSTEMPATH\CodeIgniter.php(457): CodeIgniter\CodeIgniter->runController(Object(App\Controllers\User))
 7 SYSTEMPATH\CodeIgniter.php(340): CodeIgniter\CodeIgniter->handleRequest(null, Object(Config\Cache), false)
 8 FCPATH\index.php(67): CodeIgniter\CodeIgniter->run()
 9 SYSTEMPATH\Commands\Server\rewrite.php(43): require_once('FCPATH\\index.php')
ERROR - 2023-01-08 10:16:55 --> mysqli_sql_exception: Unknown column 'judul' in 'field list' in C:\xampp\htdocs\my_web\system\Database\MySQLi\Connection.php:292
Stack trace:
#0 C:\xampp\htdocs\my_web\system\Database\MySQLi\Connection.php(292): mysqli->query('INSERT INTO `us...', 0)
#1 C:\xampp\htdocs\my_web\system\Database\BaseConnection.php(693): CodeIgniter\Database\MySQLi\Connection->execute('INSERT INTO `us...')
#2 C:\xampp\htdocs\my_web\system\Database\BaseConnection.php(620): CodeIgniter\Database\BaseConnection->simpleQuery('INSERT INTO `us...')
#3 C:\xampp\htdocs\my_web\system\Database\BaseBuilder.php(1916): CodeIgniter\Database\BaseConnection->query('INSERT INTO `us...', Array, false)
#4 C:\xampp\htdocs\my_web\app\Models\UserModel.php(44): CodeIgniter\Database\BaseBuilder->insert(Array)
#5 C:\xampp\htdocs\my_web\app\Controllers\User.php(46): App\Models\UserModel->simpan(Array)
#6 C:\xampp\htdocs\my_web\system\CodeIgniter.php(898): App\Controllers\User->simpandata()
#7 C:\xampp\htdocs\my_web\system\CodeIgniter.php(457): CodeIgniter\CodeIgniter->runController(Object(App\Controllers\User))
#8 C:\xampp\htdocs\my_web\system\CodeIgniter.php(340): CodeIgniter\CodeIgniter->handleRequest(NULL, Object(Config\Cache), false)
#9 C:\xampp\htdocs\my_web\public\index.php(67): CodeIgniter\CodeIgniter->run()
#10 C:\xampp\htdocs\my_web\system\Commands\Server\rewrite.php(43): require_once('C:\\xampp\\htdocs...')
#11 {main}
CRITICAL - 2023-01-08 10:16:55 --> Unknown column 'judul' in 'field list'
in SYSTEMPATH\Database\MySQLi\Connection.php on line 292.
 1 SYSTEMPATH\Database\MySQLi\Connection.php(292): mysqli->query('INSERT INTO `user` (`judul`, `username`, `password`) VALUES (\'Admin | Add User\', NULL, NULL)', 0)
 2 SYSTEMPATH\Database\BaseConnection.php(693): CodeIgniter\Database\MySQLi\Connection->execute('INSERT INTO `user` (`judul`, `username`, `password`) VALUES (\'Admin | Add User\', NULL, NULL)')
 3 SYSTEMPATH\Database\BaseConnection.php(620): CodeIgniter\Database\BaseConnection->simpleQuery('INSERT INTO `user` (`judul`, `username`, `password`) VALUES (\'Admin | Add User\', NULL, NULL)')
 4 SYSTEMPATH\Database\BaseBuilder.php(1916): CodeIgniter\Database\BaseConnection->query('INSERT INTO `user` (`judul`, `username`, `password`) VALUES (:judul:, :username:, :password:)', [...], false)
 5 APPPATH\Models\UserModel.php(44): CodeIgniter\Database\BaseBuilder->insert([...])
 6 APPPATH\Controllers\User.php(46): App\Models\UserModel->simpan([...])
 7 SYSTEMPATH\CodeIgniter.php(898): App\Controllers\User->simpandata()
 8 SYSTEMPATH\CodeIgniter.php(457): CodeIgniter\CodeIgniter->runController(Object(App\Controllers\User))
 9 SYSTEMPATH\CodeIgniter.php(340): CodeIgniter\CodeIgniter->handleRequest(null, Object(Config\Cache), false)
10 FCPATH\index.php(67): CodeIgniter\CodeIgniter->run()
11 SYSTEMPATH\Commands\Server\rewrite.php(43): require_once('FCPATH\\index.php')
ERROR - 2023-01-08 10:18:53 --> mysqli_sql_exception: Unknown column 'judul' in 'field list' in C:\xampp\htdocs\my_web\system\Database\MySQLi\Connection.php:292
Stack trace:
#0 C:\xampp\htdocs\my_web\system\Database\MySQLi\Connection.php(292): mysqli->query('INSERT INTO `us...', 0)
#1 C:\xampp\htdocs\my_web\system\Database\BaseConnection.php(693): CodeIgniter\Database\MySQLi\Connection->execute('INSERT INTO `us...')
#2 C:\xampp\htdocs\my_web\system\Database\BaseConnection.php(620): CodeIgniter\Database\BaseConnection->simpleQuery('INSERT INTO `us...')
#3 C:\xampp\htdocs\my_web\system\Database\BaseBuilder.php(1916): CodeIgniter\Database\BaseConnection->query('INSERT INTO `us...', Array, false)
#4 C:\xampp\htdocs\my_web\app\Models\UserModel.php(44): CodeIgniter\Database\BaseBuilder->insert(Array)
#5 C:\xampp\htdocs\my_web\app\Controllers\User.php(46): App\Models\UserModel->simpan(Array)
#6 C:\xampp\htdocs\my_web\system\CodeIgniter.php(898): App\Controllers\User->simpandata()
#7 C:\xampp\htdocs\my_web\system\CodeIgniter.php(457): CodeIgniter\CodeIgniter->runController(Object(App\Controllers\User))
#8 C:\xampp\htdocs\my_web\system\CodeIgniter.php(340): CodeIgniter\CodeIgniter->handleRequest(NULL, Object(Config\Cache), false)
#9 C:\xampp\htdocs\my_web\public\index.php(67): CodeIgniter\CodeIgniter->run()
#10 C:\xampp\htdocs\my_web\system\Commands\Server\rewrite.php(43): require_once('C:\\xampp\\htdocs...')
#11 {main}
CRITICAL - 2023-01-08 10:18:53 --> Unknown column 'judul' in 'field list'
in SYSTEMPATH\Database\MySQLi\Connection.php on line 292.
 1 SYSTEMPATH\Database\MySQLi\Connection.php(292): mysqli->query('INSERT INTO `user` (`judul`, `username`, `password`) VALUES (\'Admin | Add User\', \'ruslanmaulani\', \'1234\')', 0)
 2 SYSTEMPATH\Database\BaseConnection.php(693): CodeIgniter\Database\MySQLi\Connection->execute('INSERT INTO `user` (`judul`, `username`, `password`) VALUES (\'Admin | Add User\', \'ruslanmaulani\', \'1234\')')
 3 SYSTEMPATH\Database\BaseConnection.php(620): CodeIgniter\Database\BaseConnection->simpleQuery('INSERT INTO `user` (`judul`, `username`, `password`) VALUES (\'Admin | Add User\', \'ruslanmaulani\', \'1234\')')
 4 SYSTEMPATH\Database\BaseBuilder.php(1916): CodeIgniter\Database\BaseConnection->query('INSERT INTO `user` (`judul`, `username`, `password`) VALUES (:judul:, :username:, :password:)', [...], false)
 5 APPPATH\Models\UserModel.php(44): CodeIgniter\Database\BaseBuilder->insert([...])
 6 APPPATH\Controllers\User.php(46): App\Models\UserModel->simpan([...])
 7 SYSTEMPATH\CodeIgniter.php(898): App\Controllers\User->simpandata()
 8 SYSTEMPATH\CodeIgniter.php(457): CodeIgniter\CodeIgniter->runController(Object(App\Controllers\User))
 9 SYSTEMPATH\CodeIgniter.php(340): CodeIgniter\CodeIgniter->handleRequest(null, Object(Config\Cache), false)
10 FCPATH\index.php(67): CodeIgniter\CodeIgniter->run()
11 SYSTEMPATH\Commands\Server\rewrite.php(43): require_once('FCPATH\\index.php')
ERROR - 2023-01-08 10:21:48 --> mysqli_sql_exception: Unknown column 'judul' in 'field list' in C:\xampp\htdocs\my_web\system\Database\MySQLi\Connection.php:292
Stack trace:
#0 C:\xampp\htdocs\my_web\system\Database\MySQLi\Connection.php(292): mysqli->query('INSERT INTO `us...', 0)
#1 C:\xampp\htdocs\my_web\system\Database\BaseConnection.php(693): CodeIgniter\Database\MySQLi\Connection->execute('INSERT INTO `us...')
#2 C:\xampp\htdocs\my_web\system\Database\BaseConnection.php(620): CodeIgniter\Database\BaseConnection->simpleQuery('INSERT INTO `us...')
#3 C:\xampp\htdocs\my_web\system\Database\BaseBuilder.php(1916): CodeIgniter\Database\BaseConnection->query('INSERT INTO `us...', Array, false)
#4 C:\xampp\htdocs\my_web\app\Models\UserModel.php(44): CodeIgniter\Database\BaseBuilder->insert(Array)
#5 C:\xampp\htdocs\my_web\app\Controllers\User.php(46): App\Models\UserModel->simpan(Array)
#6 C:\xampp\htdocs\my_web\system\CodeIgniter.php(898): App\Controllers\User->simpandata()
#7 C:\xampp\htdocs\my_web\system\CodeIgniter.php(457): CodeIgniter\CodeIgniter->runController(Object(App\Controllers\User))
#8 C:\xampp\htdocs\my_web\system\CodeIgniter.php(340): CodeIgniter\CodeIgniter->handleRequest(NULL, Object(Config\Cache), false)
#9 C:\xampp\htdocs\my_web\public\index.php(67): CodeIgniter\CodeIgniter->run()
#10 C:\xampp\htdocs\my_web\system\Commands\Server\rewrite.php(43): require_once('C:\\xampp\\htdocs...')
#11 {main}
CRITICAL - 2023-01-08 10:21:48 --> Unknown column 'judul' in 'field list'
in SYSTEMPATH\Database\MySQLi\Connection.php on line 292.
 1 SYSTEMPATH\Database\MySQLi\Connection.php(292): mysqli->query('INSERT INTO `user` (`judul`, `username`, `password`) VALUES (\'Admin | Add User\', \'ruslanmaulani\', \'1234\')', 0)
 2 SYSTEMPATH\Database\BaseConnection.php(693): CodeIgniter\Database\MySQLi\Connection->execute('INSERT INTO `user` (`judul`, `username`, `password`) VALUES (\'Admin | Add User\', \'ruslanmaulani\', \'1234\')')
 3 SYSTEMPATH\Database\BaseConnection.php(620): CodeIgniter\Database\BaseConnection->simpleQuery('INSERT INTO `user` (`judul`, `username`, `password`) VALUES (\'Admin | Add User\', \'ruslanmaulani\', \'1234\')')
 4 SYSTEMPATH\Database\BaseBuilder.php(1916): CodeIgniter\Database\BaseConnection->query('INSERT INTO `user` (`judul`, `username`, `password`) VALUES (:judul:, :username:, :password:)', [...], false)
 5 APPPATH\Models\UserModel.php(44): CodeIgniter\Database\BaseBuilder->insert([...])
 6 APPPATH\Controllers\User.php(46): App\Models\UserModel->simpan([...])
 7 SYSTEMPATH\CodeIgniter.php(898): App\Controllers\User->simpandata()
 8 SYSTEMPATH\CodeIgniter.php(457): CodeIgniter\CodeIgniter->runController(Object(App\Controllers\User))
 9 SYSTEMPATH\CodeIgniter.php(340): CodeIgniter\CodeIgniter->handleRequest(null, Object(Config\Cache), false)
10 FCPATH\index.php(67): CodeIgniter\CodeIgniter->run()
11 SYSTEMPATH\Commands\Server\rewrite.php(43): require_once('FCPATH\\index.php')
